This is pdfTeXk, Version 3.1415926-1.40.9 (Web2C 7.5.7) (format=pdflatex 2009.8.18)  12 APR 2010 16:05
entering extended mode
 file:line:error style messages enabled.
 %&-line parsing enabled.
**\input _region_.tex
(./_region_.tex  !name(report.tex)
(/usr/local/texlive/2008basic/texmf-dist/tex/latex/base/article.cls
Document Class: article 2005/09/16 v1.4f Standard LaTeX document class
(/usr/local/texlive/2008basic/texmf-dist/tex/latex/base/size10.clo
File: size10.clo 2005/09/16 v1.4f Standard LaTeX file (size option)
)
\c@part=\count79
\c@section=\count80
\c@subsection=\count81
\c@subsubsection=\count82
\c@paragraph=\count83
\c@subparagraph=\count84
\c@figure=\count85
\c@table=\count86
\abovecaptionskip=\skip41
\belowcaptionskip=\skip42
\bibindent=\dimen102
)
(/usr/local/texlive/2008basic/texmf-dist/tex/latex/amsmath/amsmath.sty
Package: amsmath 2000/07/18 v2.13 AMS math features
\@mathmargin=\skip43

For additional information on amsmath, use the `?' option.
(/usr/local/texlive/2008basic/texmf-dist/tex/latex/amsmath/amstext.sty
Package: amstext 2000/06/29 v2.01

(/usr/local/texlive/2008basic/texmf-dist/tex/latex/amsmath/amsgen.sty
File: amsgen.sty 1999/11/30 v2.0
\@emptytoks=\toks14
\ex@=\dimen103
))
(/usr/local/texlive/2008basic/texmf-dist/tex/latex/amsmath/amsbsy.sty
Package: amsbsy 1999/11/29 v1.2d
\pmbraise@=\dimen104
)
(/usr/local/texlive/2008basic/texmf-dist/tex/latex/amsmath/amsopn.sty
Package: amsopn 1999/12/14 v2.01 operator names
)
\inf@bad=\count87
LaTeX Info: Redefining \frac on input line 211.
\uproot@=\count88
\leftroot@=\count89
LaTeX Info: Redefining \overline on input line 307.
\classnum@=\count90
\DOTSCASE@=\count91
LaTeX Info: Redefining \ldots on input line 379.
LaTeX Info: Redefining \dots on input line 382.
LaTeX Info: Redefining \cdots on input line 467.
\Mathstrutbox@=\box26
\strutbox@=\box27
\big@size=\dimen105
LaTeX Font Info:    Redeclaring font encoding OML on input line 567.
LaTeX Font Info:    Redeclaring font encoding OMS on input line 568.
\macc@depth=\count92
\c@MaxMatrixCols=\count93
\dotsspace@=\muskip10
\c@parentequation=\count94
\dspbrk@lvl=\count95
\tag@help=\toks15
\row@=\count96
\column@=\count97
\maxfields@=\count98
\andhelp@=\toks16
\eqnshift@=\dimen106
\alignsep@=\dimen107
\tagshift@=\dimen108
\tagwidth@=\dimen109
\totwidth@=\dimen110
\lineht@=\dimen111
\@envbody=\toks17
\multlinegap=\skip44
\multlinetaggap=\skip45
\mathdisplay@stack=\toks18
LaTeX Info: Redefining \[ on input line 2666.
LaTeX Info: Redefining \] on input line 2667.
)
(/usr/local/texlive/2008basic/texmf-dist/tex/latex/amscls/amsthm.sty
Package: amsthm 2004/08/06 v2.20
\thm@style=\toks19
\thm@bodyfont=\toks20
\thm@headfont=\toks21
\thm@notefont=\toks22
\thm@headpunct=\toks23
\thm@preskip=\skip46
\thm@postskip=\skip47
\thm@headsep=\skip48
\dth@everypar=\toks24
)
(/usr/local/texlive/2008basic/texmf-dist/tex/latex/graphics/graphicx.sty
Package: graphicx 1999/02/16 v1.0f Enhanced LaTeX Graphics (DPC,SPQR)

(/usr/local/texlive/2008basic/texmf-dist/tex/latex/graphics/keyval.sty
Package: keyval 1999/03/16 v1.13 key=value parser (DPC)
\KV@toks@=\toks25
)
(/usr/local/texlive/2008basic/texmf-dist/tex/latex/graphics/graphics.sty
Package: graphics 2006/02/20 v1.0o Standard LaTeX Graphics (DPC,SPQR)

(/usr/local/texlive/2008basic/texmf-dist/tex/latex/graphics/trig.sty
Package: trig 1999/03/16 v1.09 sin cos tan (DPC)
)
(/usr/local/texlive/2008basic/texmf/tex/latex/config/graphics.cfg
File: graphics.cfg 2007/01/18 v1.5 graphics configuration of teTeX/TeXLive
)
Package graphics Info: Driver file: dvips.def on input line 90.

(/usr/local/texlive/2008basic/texmf-dist/tex/latex/graphics/dvips.def
File: dvips.def 1999/02/16 v3.0i Driver-dependant file (DPC,SPQR)
))
\Gin@req@height=\dimen112
\Gin@req@width=\dimen113
)
(/usr/local/texlive/2008basic/texmf-dist/tex/latex/cite/cite.sty
LaTeX Info: Redefining \cite on input line 149.
LaTeX Info: Redefining \nocite on input line 214.
Package: cite 2003/11/04  v 4.01
)
(/usr/local/texlive/2008basic/texmf-dist/tex/latex/pgf/frontendlayer/tikz.sty
(/usr/local/texlive/2008basic/texmf-dist/tex/latex/pgf/basiclayer/pgf.sty
(/usr/local/texlive/2008basic/texmf-dist/tex/latex/pgf/utilities/pgfrcs.sty
(/usr/local/texlive/2008basic/texmf-dist/tex/generic/pgf/utilities/pgfutil-comm
on.tex
\pgfutil@everybye=\toks26
)
(/usr/local/texlive/2008basic/texmf-dist/tex/generic/pgf/utilities/pgfutil-late
x.def)
(/usr/local/texlive/2008basic/texmf-dist/tex/generic/pgf/utilities/pgfrcs.code.
tex
Package: pgfrcs 2008/02/20 v2.00 (rcs-revision 1.21)
))
Package: pgf 2008/01/15 v2.00 (rcs-revision 1.12)

(/usr/local/texlive/2008basic/texmf-dist/tex/latex/pgf/basiclayer/pgfcore.sty
(/usr/local/texlive/2008basic/texmf-dist/tex/latex/pgf/systemlayer/pgfsys.sty
(/usr/local/texlive/2008basic/texmf-dist/tex/generic/pgf/systemlayer/pgfsys.cod
e.tex
Package: pgfsys 2008/02/07 v2.00 (rcs-revision 1.31)

(/usr/local/texlive/2008basic/texmf-dist/tex/generic/pgf/utilities/pgfkeys.code
.tex
\pgfkeys@pathtoks=\toks27
\pgfkeys@temptoks=\toks28
)
\pgf@x=\dimen114
\pgf@y=\dimen115
\pgf@xa=\dimen116
\pgf@ya=\dimen117
\pgf@xb=\dimen118
\pgf@yb=\dimen119
\pgf@xc=\dimen120
\pgf@yc=\dimen121
\c@pgf@counta=\count99
\c@pgf@countb=\count100
\c@pgf@countc=\count101
\c@pgf@countd=\count102

(/usr/local/texlive/2008basic/texmf-dist/tex/generic/pgf/systemlayer/pgf.cfg
File: pgf.cfg 2008/01/13  (rcs-revision 1.6)
)
Package pgfsys Info: Driver file for pgf: pgfsys-dvips.def on input line 885.

(/usr/local/texlive/2008basic/texmf-dist/tex/generic/pgf/systemlayer/pgfsys-dvi
ps.def
File: pgfsys-dvips.def 2007/12/12  (rcs-revision 1.19)

(/usr/local/texlive/2008basic/texmf-dist/tex/generic/pgf/systemlayer/pgfsys-com
mon-postscript.def
File: pgfsys-common-postscript.def 2008/02/07  (rcs-revision 1.18)
\pgf@objectcount=\count103
)))
(/usr/local/texlive/2008basic/texmf-dist/tex/generic/pgf/systemlayer/pgfsyssoft
path.code.tex
File: pgfsyssoftpath.code.tex 2008/01/23  (rcs-revision 1.6)
\pgfsyssoftpath@smallbuffer@items=\count104
\pgfsyssoftpath@bigbuffer@items=\count105
)
(/usr/local/texlive/2008basic/texmf-dist/tex/generic/pgf/systemlayer/pgfsysprot
ocol.code.tex
File: pgfsysprotocol.code.tex 2006/10/16  (rcs-revision 1.4)
))
(/usr/local/texlive/2008basic/texmf-dist/tex/latex/xcolor/xcolor.sty
Package: xcolor 2007/01/21 v2.11 LaTeX color extensions (UK)

(/usr/local/texlive/2008basic/texmf/tex/latex/config/color.cfg
File: color.cfg 2007/01/18 v1.5 color configuration of teTeX/TeXLive
)
Package xcolor Info: Driver file: pdftex.def on input line 225.

(/usr/local/texlive/2008basic/texmf-dist/tex/latex/pdftex-def/pdftex.def
File: pdftex.def 2008/09/08 v0.04l Graphics/color for pdfTeX
\Gread@gobject=\count106
)
Package xcolor Info: Model `cmy' substituted by `cmy0' on input line 1337.
Package xcolor Info: Model `RGB' extended on input line 1353.
Package xcolor Info: Model `HTML' substituted by `rgb' on input line 1355.
Package xcolor Info: Model `Hsb' substituted by `hsb' on input line 1356.
Package xcolor Info: Model `tHsb' substituted by `hsb' on input line 1357.
Package xcolor Info: Model `HSB' substituted by `hsb' on input line 1358.
Package xcolor Info: Model `Gray' substituted by `gray' on input line 1359.
Package xcolor Info: Model `wave' substituted by `hsb' on input line 1360.
)
(/usr/local/texlive/2008basic/texmf-dist/tex/generic/pgf/basiclayer/pgfcore.cod
e.tex
Package: pgfcore 2008/01/15 v2.00 (rcs-revision 1.6)

(/usr/local/texlive/2008basic/texmf-dist/tex/generic/pgf/math/pgfmath.code.tex
(/usr/local/texlive/2008basic/texmf-dist/tex/generic/pgf/math/pgfmathcalc.code.
tex
(/usr/local/texlive/2008basic/texmf-dist/tex/generic/pgf/math/pgfmathutil.code.
tex
\pgfmath@box=\box28
)
(/usr/local/texlive/2008basic/texmf-dist/tex/generic/pgf/math/pgfmathparser.cod
e.tex
\pgfmath@stack=\toks29
\c@pgfmath@parsecounta=\count107
\c@pgfmath@parsecountb=\count108
\c@pgfmath@parsecountc=\count109
\pgfmath@parsex=\dimen122
)
(/usr/local/texlive/2008basic/texmf-dist/tex/generic/pgf/math/pgfmathoperations
.code.tex
(/usr/local/texlive/2008basic/texmf-dist/tex/generic/pgf/math/pgfmathtrig.code.
tex)
(/usr/local/texlive/2008basic/texmf-dist/tex/generic/pgf/math/pgfmathrnd.code.t
ex))
(/usr/local/texlive/2008basic/texmf-dist/tex/generic/pgf/math/pgfmathbase.code.
tex)))
(/usr/local/texlive/2008basic/texmf-dist/tex/generic/pgf/basiclayer/pgfcorepoin
ts.code.tex
File: pgfcorepoints.code.tex 2008/02/03  (rcs-revision 1.13)
\pgf@picminx=\dimen123
\pgf@picmaxx=\dimen124
\pgf@picminy=\dimen125
\pgf@picmaxy=\dimen126
\pgf@pathminx=\dimen127
\pgf@pathmaxx=\dimen128
\pgf@pathminy=\dimen129
\pgf@pathmaxy=\dimen130
\pgf@xx=\dimen131
\pgf@xy=\dimen132
\pgf@yx=\dimen133
\pgf@yy=\dimen134
\pgf@zx=\dimen135
\pgf@zy=\dimen136
)
(/usr/local/texlive/2008basic/texmf-dist/tex/generic/pgf/basiclayer/pgfcorepath
construct.code.tex
File: pgfcorepathconstruct.code.tex 2008/02/13  (rcs-revision 1.14)
\pgf@path@lastx=\dimen137
\pgf@path@lasty=\dimen138
)
(/usr/local/texlive/2008basic/texmf-dist/tex/generic/pgf/basiclayer/pgfcorepath
usage.code.tex
File: pgfcorepathusage.code.tex 2008/01/23  (rcs-revision 1.11)
\pgf@shorten@end@additional=\dimen139
\pgf@shorten@start@additional=\dimen140
)
(/usr/local/texlive/2008basic/texmf-dist/tex/generic/pgf/basiclayer/pgfcorescop
es.code.tex
File: pgfcorescopes.code.tex 2008/01/15  (rcs-revision 1.26)
\pgfpic=\box29
\pgf@hbox=\box30
\pgf@layerbox@main=\box31
\pgf@picture@serial@count=\count110
)
(/usr/local/texlive/2008basic/texmf-dist/tex/generic/pgf/basiclayer/pgfcoregrap
hicstate.code.tex
File: pgfcoregraphicstate.code.tex 2007/12/12  (rcs-revision 1.8)
\pgflinewidth=\dimen141
)
(/usr/local/texlive/2008basic/texmf-dist/tex/generic/pgf/basiclayer/pgfcoretran
sformations.code.tex
File: pgfcoretransformations.code.tex 2008/02/04  (rcs-revision 1.10)
\pgf@pt@x=\dimen142
\pgf@pt@y=\dimen143
\pgf@pt@temp=\dimen144
)
(/usr/local/texlive/2008basic/texmf-dist/tex/generic/pgf/basiclayer/pgfcorequic
k.code.tex
File: pgfcorequick.code.tex 2006/10/11  (rcs-revision 1.2)
)
(/usr/local/texlive/2008basic/texmf-dist/tex/generic/pgf/basiclayer/pgfcoreobje
cts.code.tex
File: pgfcoreobjects.code.tex 2006/10/11  (rcs-revision 1.2)
)
(/usr/local/texlive/2008basic/texmf-dist/tex/generic/pgf/basiclayer/pgfcorepath
processing.code.tex
File: pgfcorepathprocessing.code.tex 2008/01/23  (rcs-revision 1.7)
)
(/usr/local/texlive/2008basic/texmf-dist/tex/generic/pgf/basiclayer/pgfcorearro
ws.code.tex
File: pgfcorearrows.code.tex 2007/06/07  (rcs-revision 1.8)
)
(/usr/local/texlive/2008basic/texmf-dist/tex/generic/pgf/basiclayer/pgfcoreshad
e.code.tex
File: pgfcoreshade.code.tex 2007/12/10  (rcs-revision 1.9)
\pgf@max=\dimen145
\pgf@sys@shading@range@num=\count111
)
(/usr/local/texlive/2008basic/texmf-dist/tex/generic/pgf/basiclayer/pgfcoreimag
e.code.tex
File: pgfcoreimage.code.tex 2008/01/15  (rcs-revision 1.1)
\pgfexternal@startupbox=\box32
)
(/usr/local/texlive/2008basic/texmf-dist/tex/generic/pgf/basiclayer/pgfcorelaye
rs.code.tex
File: pgfcorelayers.code.tex 2008/01/15  (rcs-revision 1.1)
)
(/usr/local/texlive/2008basic/texmf-dist/tex/generic/pgf/basiclayer/pgfcoretran
sparency.code.tex
File: pgfcoretransparency.code.tex 2008/01/17  (rcs-revision 1.2)
)
(/usr/local/texlive/2008basic/texmf-dist/tex/generic/pgf/basiclayer/pgfcorepatt
erns.code.tex
File: pgfcorepatterns.code.tex 2008/01/15  (rcs-revision 1.1)
)))
(/usr/local/texlive/2008basic/texmf-dist/tex/generic/pgf/modules/pgfmoduleshape
s.code.tex
File: pgfmoduleshapes.code.tex 2008/02/13  (rcs-revision 1.4)
\pgfnodeparttextbox=\box33
\toks@savedmacro=\toks30
)
(/usr/local/texlive/2008basic/texmf-dist/tex/generic/pgf/modules/pgfmoduleplot.
code.tex
File: pgfmoduleplot.code.tex 2008/01/15  (rcs-revision 1.1)
\pgf@plotwrite=\write3
)
(/usr/local/texlive/2008basic/texmf-dist/tex/latex/pgf/compatibility/pgfcomp-ve
rsion-0-65.sty
Package: pgfcomp-version-0-65 2007/07/03 v2.00 (rcs-revision 1.7)
\pgf@nodesepstart=\dimen146
\pgf@nodesepend=\dimen147
)
(/usr/local/texlive/2008basic/texmf-dist/tex/latex/pgf/compatibility/pgfcomp-ve
rsion-1-18.sty
Package: pgfcomp-version-1-18 2007/07/23 v2.00 (rcs-revision 1.1)
))
(/usr/local/texlive/2008basic/texmf-dist/tex/latex/pgf/utilities/pgffor.sty
(/usr/local/texlive/2008basic/texmf-dist/tex/generic/pgf/utilities/pgffor.code.
tex
Package: pgffor 2007/11/07 v2.00 (rcs-revision 1.8)
\pgffor@iter=\dimen148
\pgffor@skip=\dimen149
))
(/usr/local/texlive/2008basic/texmf-dist/tex/generic/pgf/frontendlayer/tikz/tik
z.code.tex
Package: tikz 2008/02/13 v2.00 (rcs-revision 1.27)

(/usr/local/texlive/2008basic/texmf-dist/tex/generic/pgf/libraries/pgflibrarypl
othandlers.code.tex
File: pgflibraryplothandlers.code.tex 2007/03/09 v2.00 (rcs-revision 1.9)
\pgf@plot@mark@count=\count112
\pgfplotmarksize=\dimen150
)
\tikz@lastx=\dimen151
\tikz@lasty=\dimen152
\tikz@lastxsaved=\dimen153
\tikz@lastysaved=\dimen154
\tikzleveldistance=\dimen155
\tikzsiblingdistance=\dimen156
\tikz@figbox=\box34
\tikz@tempbox=\box35
\tikztreelevel=\count113
\tikznumberofchildren=\count114
\tikznumberofcurrentchild=\count115
\tikz@fig@count=\count116

(/usr/local/texlive/2008basic/texmf-dist/tex/generic/pgf/modules/pgfmodulematri
x.code.tex
File: pgfmodulematrix.code.tex 2008/01/15  (rcs-revision 1.1)
\pgfmatrixcurrentrow=\count117
\pgfmatrixcurrentcolumn=\count118
\pgf@matrix@numberofcolumns=\count119
)
\tikz@expandcount=\count120

(/usr/local/texlive/2008basic/texmf-dist/tex/generic/pgf/frontendlayer/tikz/lib
raries/tikzlibrarytopaths.code.tex
File: tikzlibrarytopaths.code.tex 2008/01/09 v2.00 (rcs-revision 1.1)
)))
\c@thm=\count121
\c@lem=\count122
\c@claim=\count123
 (./_region_.aux)
\openout1 = `_region_.aux'.

LaTeX Font Info:    Checking defaults for OML/cmm/m/it on input line 41.
LaTeX Font Info:    ... okay on input line 41.
LaTeX Font Info:    Checking defaults for T1/cmr/m/n on input line 41.
LaTeX Font Info:    ... okay on input line 41.
LaTeX Font Info:    Checking defaults for OT1/cmr/m/n on input line 41.
LaTeX Font Info:    ... okay on input line 41.
LaTeX Font Info:    Checking defaults for OMS/cmsy/m/n on input line 41.
LaTeX Font Info:    ... okay on input line 41.
LaTeX Font Info:    Checking defaults for OMX/cmex/m/n on input line 41.
LaTeX Font Info:    ... okay on input line 41.
LaTeX Font Info:    Checking defaults for U/cmr/m/n on input line 41.
LaTeX Font Info:    ... okay on input line 41.

(/usr/local/texlive/2008basic/texmf-dist/tex/context/base/supp-pdf.tex
[Loading MPS to PDF converter (version 2006.09.02).]
\scratchcounter=\count124
\scratchdimen=\dimen157
\scratchbox=\box36
\nofMPsegments=\count125
\nofMParguments=\count126
\everyMPshowfont=\toks31
\MPscratchCnt=\count127
\MPscratchDim=\dimen158
\MPnumerator=\count128
\everyMPtoPDFconversion=\toks32
)  !name(report.tex) !offset(-3) 

LaTeX Warning: Citation `reed' on page 1 undefined on input line 57.


LaTeX Warning: Citation `muller' on page 1 undefined on input line 57.


LaTeX Warning: Reference `recusive' on page 1 undefined on input line 58.


LaTeX Warning: Reference `geometry' on page 1 undefined on input line 59.


LaTeX Warning: Citation `space' on page 1 undefined on input line 60.


LaTeX Warning: Citation `sloane' on page 1 undefined on input line 60.

./_region_.tex:68: Undefined control sequence.
<argument> \mathbb 
                   {F}
l.68 $\F
         _q$ denotes a finite field of order $q$.
The control sequence at the end of the top line
of your error message was never \def'ed. If you have
misspelled it (e.g., `\hobx'), type `I' and the correct
spelling (e.g., `I\hbox'). Otherwise just continue,
and I'll forget about whatever was undefined.

./_region_.tex:71: Undefined control sequence.
<argument> \mathbb 
                   {F}
l.71 A vector field over $\F
                            $,(with the length of the vector being $n$) will...
The control sequence at the end of the top line
of your error message was never \def'ed. If you have
misspelled it (e.g., `\hobx'), type `I' and the correct
spelling (e.g., `I\hbox'). Otherwise just continue,
and I'll forget about whatever was undefined.

./_region_.tex:74: Undefined control sequence.
<argument> \mathbb 
                   {F}
l.74 ... string of length $n$ with elements in $\F
                                                  _2$ to write a vector in t...
The control sequence at the end of the top line
of your error message was never \def'ed. If you have
misspelled it (e.g., `\hobx'), type `I' and the correct
spelling (e.g., `I\hbox'). Otherwise just continue,
and I'll forget about whatever was undefined.

./_region_.tex:74: Undefined control sequence.
<argument> \mathbb 
                   {F}
l.74 ... to write a vector in the vector space $\F
                                                  _2^n$ . For example, if we...
The control sequence at the end of the top line
of your error message was never \def'ed. If you have
misspelled it (e.g., `\hobx'), type `I' and the correct
spelling (e.g., `I\hbox'). Otherwise just continue,
and I'll forget about whatever was undefined.

./_region_.tex:74: Undefined control sequence.
<argument> \mathbb 
                   {F}
l.74 ...tor $\mathbf{v} = (1,0,1,1,0,1,0,1) \in \F
                                                  _2^8$, we simply write $\V...
The control sequence at the end of the top line
of your error message was never \def'ed. If you have
misspelled it (e.g., `\hobx'), type `I' and the correct
spelling (e.g., `I\hbox'). Otherwise just continue,
and I'll forget about whatever was undefined.

./_region_.tex:88: Extra \right.
l.88 \end{array} \right.
                        
I'm ignoring a \right that had no matching \left.


Overfull \hbox (7.49875pt too wide) in paragraph at lines 91--93
[]\OT1/cmr/m/n/10 We will use $\OML/cmm/m/it/10 d\OT1/cmr/m/n/10 (\OML/cmm/m/it
/10 x; y\OT1/cmr/m/n/10 ) = \OML/cmm/m/it/10 wt\OT1/cmr/m/n/10 (\OML/cmm/m/it/1
0 x \OMS/cmsy/m/n/10 ^^@ \OML/cmm/m/it/10 y\OT1/cmr/m/n/10 )$ and $\OML/cmm/m/i
t/10 wt\OT1/cmr/m/n/10 (\OML/cmm/m/it/10 x \OT1/cmr/m/n/10 + \OML/cmm/m/it/10 y
\OT1/cmr/m/n/10 ) = \OML/cmm/m/it/10 wt\OT1/cmr/m/n/10 (\OML/cmm/m/it/10 x\OT1/
cmr/m/n/10 ) + \OML/cmm/m/it/10 wt\OT1/cmr/m/n/10 (\OML/cmm/m/it/10 y\OT1/cmr/m
/n/10 ) \OMS/cmsy/m/n/10 ^^@ \OT1/cmr/m/n/10 2\OML/cmm/m/it/10 wt\OT1/cmr/m/n/1
0 (\OML/cmm/m/it/10 x \OMS/cmsy/m/n/10 ^^C \OML/cmm/m/it/10 y\OT1/cmr/m/n/10 )$
, where $\OML/cmm/m/it/10 x \OMS/cmsy/m/n/10 ^^C \OML/cmm/m/it/10 y \OT1/cmr/m/
n/10 = (\OML/cmm/m/it/10 x[]y[]; x[]y[]; [] ; x[]y[]\OT1/cmr/m/n/10 )$
 []

[1
Non-PDF special ignored!
Non-PDF special ignored!
Non-PDF special ignored!
Non-PDF special ignored!
Non-PDF special ignored!
Non-PDF special ignored!
Non-PDF special ignored!


Non-PDF special ignored!
Non-PDF special ignored!
Non-PDF special ignored!
Non-PDF special ignored!
Non-PDF special ignored!
Non-PDF special ignored!
Non-PDF special ignored!
Non-PDF special ignored!{/usr/local/texlive/2008basic/texmf-var/fonts/map/pdfte
x/updmap/pdftex.map}]
./_region_.tex:97: Undefined control sequence.
<argument> \mathbb 
                   {F}
l.97 Let $(x_1,x_2,\ldots,x_m) \in \F
                                     ^m$ be the set of binary m-tuples, and ...
The control sequence at the end of the top line
of your error message was never \def'ed. If you have
misspelled it (e.g., `\hobx'), type `I' and the correct
spelling (e.g., `I\hbox'). Otherwise just continue,
and I'll forget about whatever was undefined.

./_region_.tex:97: Undefined control sequence.
<argument> \mathbb 
                   {F}
l.97 ...$. Consider a boolean function $f$, $f: \F
                                                  ^{2^m} \rightarrow \{0,1\}...
The control sequence at the end of the top line
of your error message was never \def'ed. If you have
misspelled it (e.g., `\hobx'), type `I' and the correct
spelling (e.g., `I\hbox'). Otherwise just continue,
and I'll forget about whatever was undefined.

./_region_.tex:111: Double superscript.
l.111 ... vector over $F_2$. Since there are $2^2^
                                                  m$ such boolean functions ...
I treat `x^1^2' essentially like `x^1{}^2'.

./_region_.tex:111: Double superscript.
l.111 ...ble, this gives us a collection of  $2^2^
                                                  m$ vectors, each of length...
I treat `x^1^2' essentially like `x^1{}^2'.


LaTeX Warning: Citation `Problem2' on page 2 undefined on input line 116.

./_region_.tex:118: Undefined control sequence.
l.118 ...ues. Hence $\V{f}$ and $x_1,x_2,\ldots \x
                                                  _m$ have length $2^m$. Sin...
The control sequence at the end of the top line
of your error message was never \def'ed. If you have
misspelled it (e.g., `\hobx'), type `I' and the correct
spelling (e.g., `I\hbox'). Otherwise just continue,
and I'll forget about whatever was undefined.


./_region_.tex:150: LaTeX Error: Environment lemma undefined.

See the LaTeX manual or LaTeX Companion for explanation.
Type  H <return>  for immediate help.
 ...                                              
                                                  
l.150 \begin{lemma}
                   
Your command was ignored.
Type  I <command> <return>  to replace it with another command,
or  <return>  to continue without it.


./_region_.tex:158: LaTeX Error: \begin{document} ended by \end{lemma}.

See the LaTeX manual or LaTeX Companion for explanation.
Type  H <return>  for immediate help.
 ...                                              
                                                  
l.158 \end{lemma}
                 
Your command was ignored.
Type  I <command> <return>  to replace it with another command,
or  <return>  to continue without it.

[2]

LaTeX Warning: Citation `rmlogic' on page 3 undefined on input line 190.

Missing character: There is no Ô in font cmr10!
Missing character: There is no ¨ in font cmr10!
Missing character: There is no Å in font cmr10!
Missing character: There is no ‚ in font cmr10!
Missing character: There is no à in font cmr10!
Missing character: There is no í in font cmr10!
Missing character: There is no ‚ in font cmr10!
Missing character: There is no à in font cmr10!
Missing character: There is no í in font cmr10!

./_region_.tex:208: LaTeX Error: Environment theorem undefined.

See the LaTeX manual or LaTeX Companion for explanation.
Type  H <return>  for immediate help.
 ...                                              
                                                  
l.208 \begin{theorem}
                     
Your command was ignored.
Type  I <command> <return>  to replace it with another command,
or  <return>  to continue without it.

./_region_.tex:210: Undefined control sequence.
l.210   \RM{1}{m} = \mathcal{O}_m \union
                                         (\V{1} + \mathcal{O}_m)
The control sequence at the end of the top line
of your error message was never \def'ed. If you have
misspelled it (e.g., `\hobx'), type `I' and the correct
spelling (e.g., `I\hbox'). Otherwise just continue,
and I'll forget about whatever was undefined.


./_region_.tex:215: LaTeX Error: \begin{document} ended by \end{theorem}.

See the LaTeX manual or LaTeX Companion for explanation.
Type  H <return>  for immediate help.
 ...                                              
                                                  
l.215 \end{theorem}
                   
Your command was ignored.
Type  I <command> <return>  to replace it with another command,
or  <return>  to continue without it.


./_region_.tex:218: LaTeX Error: Environment theorem undefined.

See the LaTeX manual or LaTeX Companion for explanation.
Type  H <return>  for immediate help.
 ...                                              
                                                  
l.218 \begin{theorem}
                     
Your command was ignored.
Type  I <command> <return>  to replace it with another command,
or  <return>  to continue without it.


LaTeX Warning: Citation `uniq' on page 3 undefined on input line 220.


./_region_.tex:223: LaTeX Error: \begin{document} ended by \end{theorem}.

See the LaTeX manual or LaTeX Companion for explanation.
Type  H <return>  for immediate help.
 ...                                              
                                                  
l.223 \end{theorem}
                   
Your command was ignored.
Type  I <command> <return>  to replace it with another command,
or  <return>  to continue without it.


LaTeX Warning: Citation `syncro' on page 3 undefined on input line 225.

[3]

./_region_.tex:285: LaTeX Error: \begin{pmatrix} on input line 282 ended by \en
d{matrix}.

See the LaTeX manual or LaTeX Companion for explanation.
Type  H <return>  for immediate help.
 ...                                              
                                                  
l.285 \end{matrix}
                   $
Your command was ignored.
Type  I <command> <return>  to replace it with another command,
or  <return>  to continue without it.

./_region_.tex:285: Missing \right. inserted.
<inserted text> 
                \right .
l.285 \end{matrix}
                   $
I've inserted something that you may have forgotten.
(See the <inserted text> above.)
With luck, this will get me unwedged. But if you
really didn't forget anything, try typing `2' now; then
my insertion and my current dilemma will both disappear.

[4]
./_region_.tex:361: Missing $ inserted.
<inserted text> 
                $
l.361 \emph{Case: \V{c_2} \neq \V{0}}
                                     
I've inserted a begin-math/end-math symbol since I think
you left one out. Proceed, with fingers crossed.

./_region_.tex:361: Extra }, or forgotten $.
<recently read> \egroup 
                        
l.361 \emph{Case: \V{c_2} \neq \V{0}}
                                     
I've deleted a group-closing symbol because it seems to be
spurious, as in `$x}$'. But perhaps the } is legitimate and
you forgot something else, as in `\hbox{$x}'. In such cases
the way to recover is to insert both the forgotten and the
deleted material, e.g., by typing `I$}'.


./_region_.tex:362: LaTeX Error: Bad math environment delimiter.

See the LaTeX manual or LaTeX Companion for explanation.
Type  H <return>  for immediate help.
 ...                                              
                                                  
l.362 \begin{equation*}
                       
Your command was ignored.
Type  I <command> <return>  to replace it with another command,
or  <return>  to continue without it.

./_region_.tex:365: Missing \endgroup inserted.
<inserted text> 
                \endgroup 
l.365 \end{equation*}
                     
I've inserted something that you may have forgotten.
(See the <inserted text> above.)
With luck, this will get me unwedged. But if you
really didn't forget anything, try typing `2' now; then
my insertion and my current dilemma will both disappear.


./_region_.tex:365: LaTeX Error: \begin{proof} on input line 345 ended by \end{
equation*}.

See the LaTeX manual or LaTeX Companion for explanation.
Type  H <return>  for immediate help.
 ...                                              
                                                  
l.365 \end{equation*}
                     
Your command was ignored.
Type  I <command> <return>  to replace it with another command,
or  <return>  to continue without it.

./_region_.tex:365: Missing $ inserted.
<inserted text> 
                $
l.365 \end{equation*}
                     
I've inserted something that you may have forgotten.
(See the <inserted text> above.)
With luck, this will get me unwedged. But if you
really didn't forget anything, try typing `2' now; then
my insertion and my current dilemma will both disappear.

./_region_.tex:365: Missing } inserted.
<inserted text> 
                }
l.365 \end{equation*}
                     
I've inserted something that you may have forgotten.
(See the <inserted text> above.)
With luck, this will get me unwedged. But if you
really didn't forget anything, try typing `2' now; then
my insertion and my current dilemma will both disappear.


./_region_.tex:370: LaTeX Error: \begin{thm} on input line 336 ended by \end{pr
oof}.

See the LaTeX manual or LaTeX Companion for explanation.
Type  H <return>  for immediate help.
 ...                                              
                                                  
l.370 \end{proof}
                 
Your command was ignored.
Type  I <command> <return>  to replace it with another command,
or  <return>  to continue without it.


./_region_.tex:371: LaTeX Error: \begin{document} ended by \end{thm}.

See the LaTeX manual or LaTeX Companion for explanation.
Type  H <return>  for immediate help.
 ...                                              
                                                  
l.371 \end{thm}
               
Your command was ignored.
Type  I <command> <return>  to replace it with another command,
or  <return>  to continue without it.

./_region_.tex:371: Extra \endgroup.
<recently read> \endgroup 
                          
l.371 \end{thm}
               
Things are pretty mixed up, but I think the worst is over.


LaTeX Warning: Reference `concat' on page 5 undefined on input line 378.


LaTeX Warning: Citation `pless' on page 5 undefined on input line 382.

./_region_.tex:392: Undefined control sequence.
l.392 ...}|\V{u} : \V{u} \in \RM{1}{m-1} \} \union
                                                   \{(\V{u},\vec{1}+\V{u}) ,...
The control sequence at the end of the top line
of your error message was never \def'ed. If you have
misspelled it (e.g., `\hobx'), type `I' and the correct
spelling (e.g., `I\hbox'). Otherwise just continue,
and I'll forget about whatever was undefined.

./_region_.tex:446: Missing $ inserted.
<inserted text> 
                $
l.446 
      
I've inserted a begin-math/end-math symbol since I think
you left one out. Proceed, with fingers crossed.

./_region_.tex:446: Display math should end with $$.
<to be read again> 
                   \par 
l.446 
      
The `$' that I just saw supposedly matches a previous `$$'.
So I shall assume that you typed `$$' both times.

[5]

./_region_.tex:447: LaTeX Error: Bad math environment delimiter.

See the LaTeX manual or LaTeX Companion for explanation.
Type  H <return>  for immediate help.
 ...                                              
                                                  
l.447 \end{equation}
                    
Your command was ignored.
Type  I <command> <return>  to replace it with another command,
or  <return>  to continue without it.

./_region_.tex:447: You can't use `\eqno' in vertical mode.
\endmathdisplay@a ...\df@tag \@empty \else \veqno 
                                                  \alt@tag \df@tag \fi \ifx ...
l.447 \end{equation}
                    
Sorry, but I'm not programmed to handle this case;
I'll just pretend that you didn't ask for it.
If you're in the wrong mode, you might be able to
return to the right one by typing `I}' or `I$' or `I\par'.

./_region_.tex:447: Missing $ inserted.
<inserted text> 
                $
l.447 \end{equation}
                    
I've inserted something that you may have forgotten.
(See the <inserted text> above.)
With luck, this will get me unwedged. But if you
really didn't forget anything, try typing `2' now; then
my insertion and my current dilemma will both disappear.

./_region_.tex:447: Display math should end with $$.
<to be read again> 
                   \endgroup 
l.447 \end{equation}
                    
The `$' that I just saw supposedly matches a previous `$$'.
So I shall assume that you typed `$$' both times.


./_region_.tex:471: LaTeX Error: Environment theorem undefined.

See the LaTeX manual or LaTeX Companion for explanation.
Type  H <return>  for immediate help.
 ...                                              
                                                  
l.471 \begin{theorem}
                     [Plotkin Bound]
Your command was ignored.
Type  I <command> <return>  to replace it with another command,
or  <return>  to continue without it.

./_region_.tex:479: Missing } inserted.
<inserted text> 
                }
l.479 \end{equation*}
                     
I've inserted something that you may have forgotten.
(See the <inserted text> above.)
With luck, this will get me unwedged. But if you
really didn't forget anything, try typing `2' now; then
my insertion and my current dilemma will both disappear.

[6]
./_region_.tex:498: Missing { inserted.
<to be read again> 
                   $
l.498 \end{equation*}
                     
A left brace was mandatory here, so I've put one in.
You might want to delete and/or insert some corrections
so that I will find a matching right brace soon.
(If you're confused by all this, try typing `I}' now.)

./_region_.tex:498: Missing } inserted.
<inserted text> 
                }
l.498 \end{equation*}
                     
I've inserted something that you may have forgotten.
(See the <inserted text> above.)
With luck, this will get me unwedged. But if you
really didn't forget anything, try typing `2' now; then
my insertion and my current dilemma will both disappear.


./_region_.tex:501: LaTeX Error: \begin{document} ended by \end{theorem}.

See the LaTeX manual or LaTeX Companion for explanation.
Type  H <return>  for immediate help.
 ...                                              
                                                  
l.501 \end{theorem}
                   
Your command was ignored.
Type  I <command> <return>  to replace it with another command,
or  <return>  to continue without it.


LaTeX Warning: Reference `equidistant' on page 7 undefined on input line 503.


LaTeX Warning: Citation `assumus' on page 7 undefined on input line 508.

./_region_.tex:528: Extra }, or forgotten $.
l.528      \sum_{j \in m}{a_{ij}c_j} + b_i +1 =1}
                                                 , \qquad i\in r
I've deleted a group-closing symbol because it seems to be
spurious, as in `$x}$'. But perhaps the } is legitimate and
you forgot something else, as in `\hbox{$x}'. In such cases
the way to recover is to insert both the forgotten and the
deleted material, e.g., by typing `I$}'.

./_region_.tex:530: Undefined control sequence.
<argument> \mathbb 
                   {F}
l.530    Since we are dealing with $\F
                                      _{2}$, we can combine all the $t$ equa...
The control sequence at the end of the top line
of your error message was never \def'ed. If you have
misspelled it (e.g., `\hobx'), type `I' and the correct
spelling (e.g., `I\hbox'). Otherwise just continue,
and I'll forget about whatever was undefined.

[7]
./_region_.tex:553: Undefined control sequence.
<argument> \mathbb 
                   {F}
l.553 ...an $r$-dimensional vector subspace of $\F
                                                  _2^m$. $W=(V,w)$ is an $r+...
The control sequence at the end of the top line
of your error message was never \def'ed. If you have
misspelled it (e.g., `\hobx'), type `I' and the correct
spelling (e.g., `I\hbox'). Otherwise just continue,
and I'll forget about whatever was undefined.


LaTeX Warning: Reference `r1m' on page 8 undefined on input line 565.


LaTeX Warning: Citation `kasami+tokura' on page 8 undefined on input line 569.

./_region_.tex:574: Missing $ inserted.
<inserted text> 
                $
l.574 
      
I've inserted a begin-math/end-math symbol since I think
you left one out. Proceed, with fingers crossed.

./_region_.tex:574: Display math should end with $$.
<to be read again> 
                   \par 
l.574 
      
The `$' that I just saw supposedly matches a previous `$$'.
So I shall assume that you typed `$$' both times.

Missing character: There is no ‚ in font cmr7!
Missing character: There is no à in font cmr7!
Missing character: There is no í in font cmr7!
Missing character: There is no ‚ in font cmr7!
Missing character: There is no à in font cmr7!
Missing character: There is no í in font cmr7!

./_region_.tex:575: LaTeX Error: Bad math environment delimiter.

See the LaTeX manual or LaTeX Companion for explanation.
Type  H <return>  for immediate help.
 ...                                              
                                                  
l.575 \end{equation}
                    
Your command was ignored.
Type  I <command> <return>  to replace it with another command,
or  <return>  to continue without it.

./_region_.tex:575: You can't use `\eqno' in vertical mode.
\endmathdisplay@a ...\df@tag \@empty \else \veqno 
                                                  \alt@tag \df@tag \fi \ifx ...
l.575 \end{equation}
                    
Sorry, but I'm not programmed to handle this case;
I'll just pretend that you didn't ask for it.
If you're in the wrong mode, you might be able to
return to the right one by typing `I}' or `I$' or `I\par'.

./_region_.tex:575: Missing $ inserted.
<inserted text> 
                $
l.575 \end{equation}
                    
I've inserted something that you may have forgotten.
(See the <inserted text> above.)
With luck, this will get me unwedged. But if you
really didn't forget anything, try typing `2' now; then
my insertion and my current dilemma will both disappear.

./_region_.tex:575: Display math should end with $$.
<to be read again> 
                   \endgroup 
l.575 \end{equation}
                    
The `$' that I just saw supposedly matches a previous `$$'.
So I shall assume that you typed `$$' both times.

Missing character: There is no ‚ in font cmr10!
Missing character: There is no ã in font cmr10!
Missing character: There is no Ü in font cmr10!
Missing character: There is no ‚ in font cmr10!
Missing character: There is no à in font cmr10!
Missing character: There is no í in font cmr10!

LaTeX Warning: Citation `assmus' on page 8 undefined on input line 597.


./_region_.tex:605: LaTeX Error: Environment Theorem undefined.

See the LaTeX manual or LaTeX Companion for explanation.
Type  H <return>  for immediate help.
 ...                                              
                                                  
l.605 \begin{Theorem}
                     
Your command was ignored.
Type  I <command> <return>  to replace it with another command,
or  <return>  to continue without it.

[8]

./_region_.tex:614: LaTeX Error: \begin{document} ended by \end{Theorem}.

See the LaTeX manual or LaTeX Companion for explanation.
Type  H <return>  for immediate help.
 ...                                              
                                                  
l.614 \end{Theorem}
                   
Your command was ignored.
Type  I <command> <return>  to replace it with another command,
or  <return>  to continue without it.


./_region_.tex:618: LaTeX Error: Environment Theorem undefined.

See the LaTeX manual or LaTeX Companion for explanation.
Type  H <return>  for immediate help.
 ...                                              
                                                  
l.618 \begin{Theorem}
                     
Your command was ignored.
Type  I <command> <return>  to replace it with another command,
or  <return>  to continue without it.


./_region_.tex:630: LaTeX Error: \begin{document} ended by \end{Theorem}.

See the LaTeX manual or LaTeX Companion for explanation.
Type  H <return>  for immediate help.
 ...                                              
                                                  
l.630 \end{Theorem}
                   
Your command was ignored.
Type  I <command> <return>  to replace it with another command,
or  <return>  to continue without it.


./_region_.tex:639: LaTeX Error: Environment Theorem undefined.

See the LaTeX manual or LaTeX Companion for explanation.
Type  H <return>  for immediate help.
 ...                                              
                                                  
l.639 \begin{Theorem}
                     
Your command was ignored.
Type  I <command> <return>  to replace it with another command,
or  <return>  to continue without it.

./_region_.tex:647: Missing $ inserted.
<inserted text> 
                $
l.647 
      
I've inserted a begin-math/end-math symbol since I think
you left one out. Proceed, with fingers crossed.

./_region_.tex:647: Missing } inserted.
<inserted text> 
                }
l.647 
      
I've inserted something that you may have forgotten.
(See the <inserted text> above.)
With luck, this will get me unwedged. But if you
really didn't forget anything, try typing `2' now; then
my insertion and my current dilemma will both disappear.

./_region_.tex:647: Display math should end with $$.
<to be read again> 
                   \@@par 
l.647 
      
The `$' that I just saw supposedly matches a previous `$$'.
So I shall assume that you typed `$$' both times.

./_region_.tex:647: Extra }, or forgotten \endgroup.
\par ...m \@noitemerr {\@@par }\fi \else {\@@par }
                                                  \fi 
l.647 
      
I've deleted a group-closing symbol because it seems to be
spurious, as in `$x}$'. But perhaps the } is legitimate and
you forgot something else, as in `\hbox{$x}'. In such cases
the way to recover is to insert both the forgotten and the
deleted material, e.g., by typing `I$}'.

./_region_.tex:648: Missing $ inserted.
<inserted text> 
                $
l.648 a_
        i + a_j \geq d'
I've inserted a begin-math/end-math symbol since I think
you left one out. Proceed, with fingers crossed.

./_region_.tex:649: You can't use `\eqno' in math mode.
\endmathdisplay@a ...\df@tag \@empty \else \veqno 
                                                  \alt@tag \df@tag \fi \ifx ...
l.649 \end{equation}
                    
Sorry, but I'm not programmed to handle this case;
I'll just pretend that you didn't ask for it.
If you're in the wrong mode, you might be able to
return to the right one by typing `I}' or `I$' or `I\par'.

./_region_.tex:649: Missing $ inserted.
<inserted text> 
                $
l.649 \end{equation}
                    
I've inserted something that you may have forgotten.
(See the <inserted text> above.)
With luck, this will get me unwedged. But if you
really didn't forget anything, try typing `2' now; then
my insertion and my current dilemma will both disappear.

./_region_.tex:657: Missing $ inserted.
<inserted text> 
                $
l.657 
      
I've inserted a begin-math/end-math symbol since I think
you left one out. Proceed, with fingers crossed.

./_region_.tex:657: Missing } inserted.
<inserted text> 
                }
l.657 
      
I've inserted something that you may have forgotten.
(See the <inserted text> above.)
With luck, this will get me unwedged. But if you
really didn't forget anything, try typing `2' now; then
my insertion and my current dilemma will both disappear.

./_region_.tex:657: Display math should end with $$.
<to be read again> 
                   \@@par 
l.657 
      
The `$' that I just saw supposedly matches a previous `$$'.
So I shall assume that you typed `$$' both times.

./_region_.tex:657: Extra }, or forgotten \endgroup.
\par ...m \@noitemerr {\@@par }\fi \else {\@@par }
                                                  \fi 
l.657 
      
I've deleted a group-closing symbol because it seems to be
spurious, as in `$x}$'. But perhaps the } is legitimate and
you forgot something else, as in `\hbox{$x}'. In such cases
the way to recover is to insert both the forgotten and the
deleted material, e.g., by typing `I$}'.

./_region_.tex:658: Missing $ inserted.
<inserted text> 
                $
l.658 (J-1)S \geq
                  \binom{J}{2}d'
I've inserted a begin-math/end-math symbol since I think
you left one out. Proceed, with fingers crossed.

./_region_.tex:659: Missing $ inserted.
<inserted text> 
                $
l.659 \end{equation*}
                     
I've inserted something that you may have forgotten.
(See the <inserted text> above.)
With luck, this will get me unwedged. But if you
really didn't forget anything, try typing `2' now; then
my insertion and my current dilemma will both disappear.


./_region_.tex:665: LaTeX Error: \begin{document} ended by \end{Theorem}.

See the LaTeX manual or LaTeX Companion for explanation.
Type  H <return>  for immediate help.
 ...                                              
                                                  
l.665 \end{Theorem}
                   
Your command was ignored.
Type  I <command> <return>  to replace it with another command,
or  <return>  to continue without it.

Missing character: There is no Ô in font cmr10!
Missing character: There is no ¨ in font cmr10!
Missing character: There is no Å in font cmr10!
Missing character: There is no Ô in font cmr10!
Missing character: There is no ¨ in font cmr10!
Missing character: There is no Å in font cmr10!
Missing character: There is no Ô in font cmr10!
Missing character: There is no ¨ in font cmr10!
Missing character: There is no Å in font cmr10!
./_region_.tex:673: Double subscript.
l.673 ...basis vectors v_{i_1}v_{i_{2}}\ldots v_i_
                                                  k$.
I treat `x_1_2' essentially like `x_1{}_2'.

./_region_.tex:676: Undefined control sequence.
l.676 ...tary subspace of $S$ where $j_1j_2\ldotsj
                                                  _{m-k} = {1,2,ldots,m}-{i_...
The control sequence at the end of the top line
of your error message was never \def'ed. If you have
misspelled it (e.g., `\hobx'), type `I' and the correct
spelling (e.g., `I\hbox'). Otherwise just continue,
and I'll forget about whatever was undefined.

./_region_.tex:676: Double subscript.
l.676 ...ary subspace of $S$ where $j_1j_2\ldotsj_
                                                  {m-k} = {1,2,ldots,m}-{i_1...
I treat `x_1_2' essentially like `x_1{}_2'.

[9]

./_region_.tex:680: LaTeX Error: Environment them undefined.

See the LaTeX manual or LaTeX Companion for explanation.
Type  H <return>  for immediate help.
 ...                                              
                                                  
l.680 \begin{them}
                  
Your command was ignored.
Type  I <command> <return>  to replace it with another command,
or  <return>  to continue without it.

./_region_.tex:688: Undefined control sequence.
l.688       \V{v} = \sum_{t=i_1i_2\ldotsi
                                         _s}{a_t\V{x_{i_1}}\V{x_{i_2}}\ldots...
The control sequence at the end of the top line
of your error message was never \def'ed. If you have
misspelled it (e.g., `\hobx'), type `I' and the correct
spelling (e.g., `I\hbox'). Otherwise just continue,
and I'll forget about whatever was undefined.

./_region_.tex:688: Double subscript.
l.688       \V{v} = \sum_{t=i_1i_2\ldotsi_
                                          s}{a_t\V{x_{i_1}}\V{x_{i_2}}\ldots...
I treat `x_1_2' essentially like `x_1{}_2'.


./_region_.tex:709: LaTeX Error: \begin{document} ended by \end{them}.

See the LaTeX manual or LaTeX Companion for explanation.
Type  H <return>  for immediate help.
 ...                                              
                                                  
l.709 \end{them}
                
Your command was ignored.
Type  I <command> <return>  to replace it with another command,
or  <return>  to continue without it.


LaTeX Warning: Citation `cooke' on page 10 undefined on input line 711.


LaTeX Warning: Citation `lec9' on page 10 undefined on input line 711.

./_region_.tex:720: Missing control sequence inserted.
<inserted text> 
                \inaccessible 
l.720   R
         eal Vector $\V{F(v)}$ of a binary vector $\V{v}$ is a vector with $...
Please don't say `\def cs{...}', say `\def\cs{...}'.
I've inserted an inaccessible control sequence so that your
definition will be completed without mixing me up too badly.
You can recover graciously from this error, if you're
careful; see exercise 27.2 in The TeXbook.

./_region_.tex:721: Missing $ inserted.
<inserted text> 
                $
l.721 \end{def}
               
I've inserted something that you may have forgotten.
(See the <inserted text> above.)
With luck, this will get me unwedged. But if you
really didn't forget anything, try typing `2' now; then
my insertion and my current dilemma will both disappear.

[10]
./_region_.tex:776: Undefined control sequence.
l.776 ...n F_q^n$ and $e > 0$ outputs all $v \elem
                                                   C$ such that $\d(u,v) \le...
The control sequence at the end of the top line
of your error message was never \def'ed. If you have
misspelled it (e.g., `\hobx'), type `I' and the correct
spelling (e.g., `I\hbox'). Otherwise just continue,
and I'll forget about whatever was undefined.


LaTeX Warning: Command \d invalid in math mode on input line 776.


LaTeX Warning: Citation `elias' on page 11 undefined on input line 776.


LaTeX Warning: Citation `goldreich' on page 11 undefined on input line 778.


LaTeX Warning: Citation `sudan' on page 11 undefined on input line 778.


LaTeX Warning: Citation `kabatiansky' on page 11 undefined on input line 778.


LaTeX Warning: Citation `dumer' on page 11 undefined on input line 778.


LaTeX Warning: Reference `' on page 11 undefined on input line 778.


LaTeX Warning: Citation `zuckerman10' on page 11 undefined on input line 786.

Missing character: There is no Ô in font cmr10!
Missing character: There is no ¨ in font cmr10!
Missing character: There is no Å in font cmr10!
Missing character: There is no Ô in font cmr10!
Missing character: There is no ¨ in font cmr10!
Missing character: There is no Å in font cmr10!
Missing character: There is no ‚ in font cmr10!
Missing character: There is no à in font cmr10!
Missing character: There is no à in font cmr10!
Missing character: There is no œ in font cmr10!
Missing character: There is no µ in font cmr10!
[11]
./_region_.tex:821: Undefined control sequence.
<argument> \mathbb 
                   {F}
l.821 ...efixes $(x_1,\ldots x_i)$ run through $\F
                                                  _2^i$, and we get a set of...
The control sequence at the end of the top line
of your error message was never \def'ed. If you have
misspelled it (e.g., `\hobx'), type `I' and the correct
spelling (e.g., `I\hbox'). Otherwise just continue,
and I'll forget about whatever was undefined.

./_region_.tex:844: Missing $ inserted.
<inserted text> 
                $
l.844 
      
I've inserted a begin-math/end-math symbol since I think
you left one out. Proceed, with fingers crossed.

./_region_.tex:844: Display math should end with $$.
<to be read again> 
                   \par 
l.844 
      
The `$' that I just saw supposedly matches a previous `$$'.
So I shall assume that you typed `$$' both times.

./_region_.tex:845: Missing $ inserted.
<inserted text> 
                $
l.845  S_
         {1,\alpha} =  \{(x_1,\ldots x_{i-1},1, \alpha_{i+1}\ldots \alpha_{m...
I've inserted a begin-math/end-math symbol since I think
you left one out. Proceed, with fingers crossed.

./_region_.tex:846: Missing $ inserted.
<inserted text> 
                $
l.846  \end{equation*}
                      
I've inserted something that you may have forgotten.
(See the <inserted text> above.)
With luck, this will get me unwedged. But if you
really didn't forget anything, try typing `2' now; then
my insertion and my current dilemma will both disappear.


LaTeX Warning: Reference `fht' on page 12 undefined on input line 855.

[12]

LaTeX Warning: Citation `feldman' on page 13 undefined on input line 875.


LaTeX Warning: Citation `lowdeg' on page 13 undefined on input line 879.


LaTeX Warning: Citation `sidenkov' on page 13 undefined on input line 885.


LaTeX Warning: Citation `attack' on page 13 undefined on input line 886.


LaTeX Warning: Citation `roche' on page 13 undefined on input line 890.


LaTeX Warning: Citation `codingtheory+blog' on page 13 undefined on input line 
892.


LaTeX Warning: Citation `snakes' on page 13 undefined on input line 895.


LaTeX Warning: Citation `OFDM' on page 13 undefined on input line 895.

(./_region_.bbl) [13] (./_region_.aux)

LaTeX Warning: There were undefined references.


LaTeX Warning: Label(s) may have changed. Rerun to get cross-references right.

 ) 
Here is how much of TeX's memory you used:
 8076 strings out of 494733
 139987 string characters out of 1170938
 201843 words of memory out of 3000000
 11139 multiletter control sequences out of 10000+50000
 12491 words of font info for 44 fonts, out of 3000000 for 5000
 188 hyphenation exceptions out of 8191
 47i,8n,49p,589b,238s stack positions out of 5000i,500n,10000p,200000b,50000s
</usr/local/texlive/2008basic/texmf-dist/fonts/type1/bluesky/cm/cmbx10.pfb></
usr/local/texlive/2008basic/texmf-dist/fonts/type1/bluesky/cm/cmbx12.pfb></usr/
local/texlive/2008basic/texmf-dist/fonts/type1/bluesky/cm/cmbx5.pfb></usr/local
/texlive/2008basic/texmf-dist/fonts/type1/bluesky/cm/cmbx7.pfb></usr/local/texl
ive/2008basic/texmf-dist/fonts/type1/bluesky/cm/cmbx9.pfb></usr/local/texlive/2
008basic/texmf-dist/fonts/type1/bluesky/cm/cmbxti10.pfb></usr/local/texlive/200
8basic/texmf-dist/fonts/type1/bluesky/cm/cmex10.pfb></usr/local/texlive/2008bas
ic/texmf-dist/fonts/type1/bluesky/cm/cmmi10.pfb></usr/local/texlive/2008basic/t
exmf-dist/fonts/type1/bluesky/cm/cmmi12.pfb></usr/local/texlive/2008basic/texmf
-dist/fonts/type1/bluesky/cm/cmmi5.pfb></usr/local/texlive/2008basic/texmf-dist
/fonts/type1/bluesky/cm/cmmi7.pfb></usr/local/texlive/2008basic/texmf-dist/font
s/type1/bluesky/cm/cmr10.pfb></usr/local/texlive/2008basic/texmf-dist/fonts/typ
e1/bluesky/cm/cmr12.pfb></usr/local/texlive/2008basic/texmf-dist/fonts/type1/bl
uesky/cm/cmr17.pfb></usr/local/texlive/2008basic/texmf-dist/fonts/type1/bluesky
/cm/cmr5.pfb></usr/local/texlive/2008basic/texmf-dist/fonts/type1/bluesky/cm/cm
r7.pfb></usr/local/texlive/2008basic/texmf-dist/fonts/type1/bluesky/cm/cmr9.pfb
></usr/local/texlive/2008basic/texmf-dist/fonts/type1/bluesky/cm/cmsy10.pfb></u
sr/local/texlive/2008basic/texmf-dist/fonts/type1/bluesky/cm/cmsy5.pfb></usr/lo
cal/texlive/2008basic/texmf-dist/fonts/type1/bluesky/cm/cmsy7.pfb></usr/local/t
exlive/2008basic/texmf-dist/fonts/type1/bluesky/cm/cmti10.pfb>
Output written on _region_.pdf (13 pages, 176891 bytes).
PDF statistics:
 129 PDF objects out of 1000 (max. 8388607)
 0 named destinations out of 1000 (max. 131072)
 1 words of extra memory for PDF output out of 10000 (max. 10000000)

